[    0.0000] Initiaizng cgroup subsys cpuset
[    0.000000] Initializing cgroup subsys cpu
[    0.000000] Initializing cgroup subsys cpuacct
[    0.000000] Linux version 4.4.0-119-generic (bildd@cy-amd6-0) (gcc vrsn 5.4.0 20160609 (Ubuntu 5.4.0-6ubuntu1~16.04.9) ) #143-Ubuntu SMP Mon Apr 2 16:08:24 UTC 2018 (Ubuntu 44.119.143-generic 4.4.114)
[    0.000000] Command line: BOO_IAGE=/bt/mlinuz-4.4.0-119-generic root=UUID=1696a9f2-3c88-4e6b-90b3-8d6bb3b2d756 ro console=tty1 console=ttyS0
[    0.000000] KERNEL supported cpus:
[    0.000000]   Intel GenuineIntel
[    0.000000]   AMD AuthenticAMD
[    0.000000]   Centaur CentaurHauls
[    0.000000] x86/fpu: Legacy x87 FPU detected.
[    0.000000] x86/fpu: Using 'lazy' FPU context switches.
[    0.000000] e820: BIOS-provided physical RAM map:
[    0.000000] BIOS-e820: [mem 0x0000000000000000-0x000000000009fbff] usable
[    0.000000] BIOS-e820: [mem 0x000000000009fc00-0x000000009fffreserved
[   .000000 BOS-e820: [mem 0x00000000000f0000-0x00000000000ffff] reserved
[    0.000000] BIOS-e820: [mem 0x0000000000100000-0x000000001ffeffff] usable
[   .00000]IOS-e820:[mm x00000000ff000-0x000001ffff] ACPI dta
[   .00000] BIS-20: [me 00000000ffc000-0x000000fffff] eserved
[  0.000000] N (xeute Disabl) otectio: tive[   0.000000 SBIS 2.5 pest.
[    00000] Hypervisor detected: KVM
[    0.000000] e820: last_pfn = 0x1fff0 max_arch_pfn = 0x400000000
[    0.000000] MTRR: Disabled
[    0.000000] x86/PAT: MTRRs disabled, skipping PAT initialization too.
[    0.000000] CPU MTRRs all blank - virtualized system.
[    0.000000] x86/PAT: Configuration [0-7]: WB  WT  UC- UC  WB  WT  UC- UC  
[    0.000000] found SMP MP-table at [mem 0x0009fff0-0x0009ffff] mapped at [ffff88000009fff0]
[    0.000000] Scanning 1 areas for low memory corruption
[    0.000000] RAMDISK: [mem 0x1e8e8000-0x1f7dffff]
[    0.000000] ACPI: Early table checkum verificaio disabled
[   0.00000ACPI:RS 0x00000000E000 0024 (v02VB  )
  0.000000 AI: XSDTx0000000FF030 0003Cv01 VBOX   VBOXXSDT 0000001 ASL  000061)
[    0.00000] ACPI: FAC 000000001FFF0 000F4 (v04 VBO   VBOXFAC 000001AS 0000006)[   00000] APIDSDT 0x000001FF00 002118 (01VBX VBXBIO 000002IN 201610
[    00000] APIFACS 0x000001FFF020 0040
[   0.0000] ACPI:FACS x00000001FF0200 000040
[   .000] ACP: IC 0x000001FFF0240005C (v02 VBX VBOXAPIC 00001 ASL  00000061)
  0.000000] CP SSDT 0x000001FFF02A000CC (v01 VBOX  BOXCPUT 00000002INL 0110)
[  0000000]o NUM cfiguration foun
   0.00000Faking  ne at [emx0000000000000-0x0000001ffeffff][    .0000] ODDATA(0) aloced [me 0ffeb0000xffffff]
[   .000000] kvm-clock: Using msrs 4b564d01 and 4b564d00
[    0.000000] kvm-clock: cpu 0, msr 0:1ffe3001, primary cpu clock
[    0.000000] kvm-clock: using sched offset of 3995260370 cycles
[    0.000000] clocksource: kvm-clock: mask: 0xffffffffffffffff max_cycles: 0x1cd42e4dffb, max_idle_ns: 881590591483 ns
[    0.000000] Zone ranges:
[    0.000]   DMA      [mem 0x0000000000001000-0x0000000000ffffff]
[    0.000000]   DMA32    [mem 0x0000000001000000-0x000000001ffeffff]
[    0.000000]   Normal   empty
[    0.000000]   Device   empty
[    0.000000] Movable zone start for each node
[    0.000000] Early memory node ranges
[    0.000000]   node   0: [mem 0x0000000000001000-0x000000000009efff]
[    0.000000]  noe   0:[m 0x0000000010000-0x0000001ffeffff]
[    0.000000] Initmem setup node0 [mem 0x0000000000100x00000001fffff]
[    0.000000] ACPI: PM-Timer IO Port: 0x4008
[    0.000000] IOAPIC[0]: apic_id 2, version 17, addre 0fec0000,SI 0-3[    0.000000] ACPI: INT_SRCOV (us 0 usirq 0 lol_irq 2 fldfl)
[   .00000] ACP: NT_SRC_OVR (bus 0 bus_irq 9 global_irq 9 high level)
[    0.000000] Using ACPI (MADT) for SMP configuration information
[    0.000000] smpboot: Allowing 2 CPUs, 0 hotplug CPUs
[    0.000000] PM: Registered nosave memory: [mem 0x00000000-0x00000fff]
[    0.000000] PM: Registered nosave memory: [mem 0x0009f000-0x0009ffff]
[    0.000000] PM: Registered nosave memory: [mem 0x000a0000-0x000effff]
[    0.000000] PM: Registered nosave memory: [mem 0x000f0000-0x000ffff]    0.0000 e820:[m  0x200000-0xfffbffff] aaiablefo PCI devices
[    0.0000] Booting paravirualiederne oKVM
[   0.00000] clocksouce refnejiffis:ask: 0xffffffff max_ccls: 0xffffffff, max_idle_ns: 7645519600211568 ns
[    0.000000] setup_percpu: NR_CPUS:512 nr_cpumask_bits:512 nr_cpu_ids:2 nr_node_ids:1
[    0.000000] PERCPU: Embedded 3 pges/cpu@fff8801c0000 99544r82 d352u1048576
[    0.000000] PV qspinlock hash table entries: 256 (order: 0, 4096 bytes)
[    0.000000] Built 1 zonelists in Node order, mobility grouping on.  Total pages: 128888
[    0.000000] Policy zone: DMA32
[    0.000000] Kernel command line: BOOT_IMAGE=/boot/vmlinuz-4.4.0-119-generic root=UUID=1696a9f2-3c88-4e6b-90b3-8d6bb3b2d756 ro console=tty1 console=ttyS0
[    0.000000] PID hash table entries: 2048 (order: 2, 16384 bytes)
[    0.000000] Memory: 481116K/523832K available (853K ernel coe, 1313K rwdata, 3996K rodata, 1508K init, 1316K bss, 42716K resrved, 0K cma-reserved)
[    0.000000] SLUB: HWalign=64, Order=0-3, MinObjct=0, CPUs=2, Nodes=1
[    0.000000] Kernel/User page tables isolation: enable
    0.000000] Hierarchical RCU implementation.
[   00000] 	Build-time adjustment of leaf fnoutto4.
[  0000000] 	U estriti CPUsfr NR_CUS12 tnrcpu_ids=2
   0.00000RCU: djting eotry for rcu_fanout_leaf=64, nr_cpu_ids=2
[    0.000000] NR_IRQS:33024 nr_irqs:440 16
[    0.000000] Console: colour VGA+ 80x25
[    0.000000] console [tty1] enable
[   0.00000console [ttyS0] enabled
[   ..000000] tsc: Detected 2799.998 MHz processor
[    8.882376] Calibrating delay loop (skipped) preset value.. 5599.99 BogoMIPS (lpj=11199992)
[    8.914878] pid_max: default: 32768 minimum: 301
[    8.925882] ACPI: Core revision 20150930
[    8.928715] ACPI: 2 ACPI AML tables successfully acquired and loaded
[    8.937276] Security Framework initialized
[    8.960132] Yama: becoming mindful.
[    8.960890] AppArmor: AppArmor initialized
[    8.978020] Dentry cache hash table entries: 65536 (order: 7, 524288 bytes)
[    8.979898] Inode-cache hash table entries: 32768 (order: 6, 262144 bytes)
[    9.021273] Mount-cache hash table entries: 1024 (order: 1, 8192 bytes)
[    9.037170] Mountpoint-cache hash table entries: 1024 (order: 1, 8192 bytes)
[    9.053249] Initializing cgroup subsys io
[    9.077380] Initializing cgroup subsys memory
[    9.094585] Initializing cgroup subsys devices
[    9.100759] Initializing cgroup subsys freezer
[    9.121719] Initializing cgroup subsys net_cls
[    9.153624] Initializing cgroup subsys perf_event
[    9.167870] Initializing cgroup subsys net_prio
[    9.187971] Initializing cgroup subsys hugetlb
[    9.188827] Initializing cgroup subsys pids
[    9.189743] CPU: Physical Processor ID: 0
[    9.195324] CPU: Processor Core ID: 0
[    9.199600] FEATURE SPEC_CTRL Not Present
[    9.200836] mce: CPU supports 0 MCE banks
[    9.203687] Last level iTLB entries: 4KB 512, 2MB 7, 4MB 7
[    9.217204] Last level dTLB entries: 4KB 512, 2MB 32, 4MB 32, 1GB 0
[    9.238299] Spectre V2 mitigation: Mitigation: Full generic retpoline
[    9.246798] Spectre V2 mitigation: Speculation control IBPB not-supported IBRS not-supported
[    9.272294] Freeing SMP alternatives memory: 32K
[    9.290808] ftrace: allocating 32195 entries in 126 pages
[    9.382567] smpboot: APIC(0) Converting physical 0 to logical package 0
[    9.397825] smpboot: Max logical packages: 1
[    9.430257] ..TIMER: vector=0x30 apic1=0 pin1=2 apic2=-1 pin2=-1
[    9.539363] smpboot: CPU0: Intel(R) Core(TM) i5 CPU       M 480  @ 2.67GHz (family: 0x6, model: 0x25, stepping: 0x5)
[    9.568350] Performance Events: unsupported p6 CPU model 37 no PMU driver, software events only.
[    9.619060] KVM setup paravirtual spinlock
[    9.632026] x86: Booting SMP configuration:
[    9.645957] .... node  #0, CPUs:      #1
[    9.646930] kvm-clock: cpu 1, msr 0:1ffe3041, secondary cpu clock
[    9.651765] mce: CPU supports 0 MCE banks
[    9.658593] x86: Booted up 1 node, 2 CPUs
[    9.664606] smpboot: Total of 2 processors activated (11199.99 BogoMIPS)
[    9.674515] devtmpfs: initialized
[    9.714911] evm: security.selinux
[    9.723467] evm: security.SMACK64
[    9.741638] evm: security.SMACK64EXEC
[    9.742426] evm: security.SMACK64TRANSMUTE
[    9.744305] evm: security.SMACK64MMAP
[    9.761706] evm: security.ima
[    9.772746] evm: security.capability
[    9.775958] clocksource: jiffies: mask: 0xffffffff max_cycles: 0xffffffff, max_idle_ns: 7645041785100000 ns
[    9.797461] futex hash table entries: 512 (order: 3, 32768 bytes)
[    9.799016] pinctrl core: initialized pinctrl subsystem
[    9.834835] RTC time:  7:02:02, date: 04/18/18
[    9.836807] NET: Registered protocol family 16
[    9.849080] cpuidle: using governor ladder
[    9.876213] cpuidle: using governor menu
[    9.890433] PCCT header not found.
[    9.900959] ACPI: bus type PCI registered
[    9.920384] acpiphp: ACPI Hot Plug PCI Controller Driver version: 0.5
[    9.932534] PCI: Using configuration type 1 for base access
[    9.955882] ACPI: Added _OSI(Module Device)
[    9.986856] ACPI: Added _OSI(Processor Device)
[   10.026767] ACPI: Added _OSI(3.0 _SCP Extensions)
[   10.037361] ACPI: Added _OSI(Processor Aggregator Device)
[   10.039264] ACPI: Executed 1 blocks of module-level executable AML code
[   10.080924] ACPI: Interpreter enabled
[   10.087108] ACPI: (supports S0 S5)
[   10.087849] ACPI: Using IOAPIC for interrupt routing
[   10.094151] PCI: Using host bridge windows from ACPI; if necessary, use "pci=nocrs" and report a bug
[   10.133220] ACPI: PCI Root Bridge [PCI0] (domain 0000 [bus 00-ff])
[   10.163477] acpi PNP0A03:00: _OSC: OS supports [ASPM ClockPM Segments MSI]
[   10.193273] acpi PNP0A03:00: _OSC failed (AE_NOT_FOUND); disabling ASPM
[   10.198487] acpi PNP0A03:00: fail to add MMCONFIG information, can't access extended PCI configuration space under this bridge.
[   10.205679] PCI host bridge to bus 0000:00
[   10.211691] pci_bus 0000:00: root bus resource [io  0x0000-0x0cf7 window]
[   10.214940] pci_bus 0000:00: root bus resource [io  0x0d00-0xffff window]
[   10.224027] pci_bus 0000:00: root bus resource [mem 0x000a0000-0x000bffff window]
[   10.232365] pci_bus 0000:00: root bus resource [mem 0x20000000-0xffdfffff window]
[   10.250320] pci_bus 0000:00: root bus resource [bus 00-ff]
[   10.301295] pci 0000:00:01.1: legacy IDE quirk: reg 0x10: [io  0x01f0-0x01f7]
[   10.353675] pci 0000:00:01.1: legacy IDE quirk: reg 0x14: [io  0x03f6]
[   10.387138] pci 0000:00:01.1: legacy IDE quirk: reg 0x18: [io  0x0170-0x0177]
[   10.400499] pci 0000:00:01.1: legacy IDE quirk: reg 0x1c: [io  0x0376]
[   10.444046] ACPI: PCI Interrupt Link [LNKA] (IRQs 5 9 10 11) *0, disabled.
[   10.516865] ACPI: PCI Interrupt Link [LNKB] (IRQs 5 9 10 *11)
[   10.545881] ACPI: PCI Interrupt Link [LNKC] (IRQs 5 9 *10 11)
[   10.550436] ACPI: PCI Interrupt Link [LNKD] (IRQs 5 *9 10 11)
[   10.552576] ACPI: Enabled 2 GPEs in block 00 to 07
[   10.566592] vgaarb: setting as boot device: PCI:0000:00:02.0
[   10.574001] vgaarb: device added: PCI:0000:00:02.0,decodes=io+mem,owns=io+mem,locks=none
[   10.593678] vgaarb: loaded
[   10.606888] vgaarb: bridge control possible 0000:00:02.0
[   10.623599] SCSI subsystem initialized
[   10.630658] ACPI: bus type USB registered
[   10.644568] usbcore: registered new interface driver usbfs
[   10.648804] usbcore: registered new interface driver hub
[   10.660494] usbcore: registered new device driver usb
[   10.663163] PCI: Using ACPI for IRQ routing
[   10.665723] NetLabel: Initializing
[   10.668843] NetLabel:  domain hash size = 128
[   10.672825] NetLabel:  protocols = UNLABELED CIPSOv4
[   10.675369] NetLabel:  unlabeled traffic allowed by default
[   10.683429] amd_nb: Cannot enumerate AMD northbridges
[   10.693000] clocksource: Switched to clocksource kvm-clock
[   10.74476] AppArmor: AppArmor Filesystem Enabled
[  18169pn P APIni
[ 11114]npPnACI:ou 3deces
[   11.744420] clocksource: acpi_pm: mask: 0xffffff max_cycles: 0xffffff, max_idle_ns: 2085701024 ns
[   11.801022] NET: Registered protocol family 2
[   11.829839] TCP established hash table entries: 4096 (order: 3, 32768 bytes)
[   11.929686] TCP bind hash table entries: 4096 (order: 4, 65536 bytes)
[   11.947414] TCP: Hash tables configured (established 4096 bind 4096)
[   11.948576] UDP hash table entries: 256 (order: 1, 8192 bytes)
[   11.949640] UDP-Lite hash table entries: 256 (order: 1, 8192 bytes)
[   12.083769] NET: Registered protocol family 1
[   12.234652] pci 0000:00:00.0: Limiting direct PCI/PCI transfers
[   12.270555] pci 0000:00:01.0: Activating ISA DMA hang workarounds
[   12.281114] Unpacking initramfs...
[   12.562750] Freeing initrd memory: 15328K
[   12.680786] platform rtc_cmos: registered platform RTC device (no PNP device found)
[   13.045644] Scanning for low memory corruption every 60 seconds
[   13.308985] audit: initializing netlink subsys (disabled)
[   13.563077] audit: type=2000 audit(1524034922.312:1): initialized
[   13.680983] clocksource: tsc: mask: 0xffffffffffffffff max_cycles: 0x285c3ee517e, max_idle_ns: 440795257231 ns
[   13.693041] Initialise system trusted keyring
[   13.701773] HugeTLB registered 2 MB page size, pre-allocated 0 pages
[   13.750922] zbud: loaded
[   13.940889] VFS: Disk quotas dquot_6.6.0
[   14.201578] VFS: Dquot-cache hash table entries: 512 (order 0, 4096 bytes)
[   14.471809] squashfs: version 4.0 (2009/01/31) Phillip Lougher
[   14.694663] fuse init (API version 7.23)
[   14.837447] Key type big_key registered
[   14.979007] Allocating IMA MOK and blacklist keyrings.
[   15.257583] Key type asymmetric registered
[   15.441894] Asymmetric key parser 'x509' registered
[   15.653352] Block layer SCSI generic (bsg) driver version 0.4 loaded (major 249)
[   15.846575] io scheduler noop registered
[   15.854609] io scheduler deadline registered (default)
[   15.855642] io scheduler cfq registered
[   15.915109] pci_hotplug: PCI Hot Plug PCI Core version: 0.5
[   16.138573] pciehp: PCI Express Hot Plug Controller Driver version: 0.4
[   16.482400] ACPI: AC Adapter [AC] (on-line)
[   16.685345] input: Power Button as /devices/LNXSYSTM:00/LNXPWRBN:00/input/input0
[   16.922953] ACPI: Power Button [PWRF]
[   16.932887] input: Sleep Button as /devices/LNXSYSTM:00/LNXSLPBN:00/input/input1
[   16.957572] ACPI: Sleep Button [SLPF]
[   16.962720] GHES: HEST is not enabled!
[   16.963488] ACPI: Battery Slot [BAT0] (battery present)
[   16.969984] Serial: 8250/16550 driver, 32 ports, IRQ sharing enabled
[   16.994591] 00:02: ttyS0 at I/O 0x3f8 (irq = 4, base_baud = 115200) is a 16550A
[   17.006423] Linux agpgart interface v0.103
[   17.015490] loop: module loaded
[   17.028623] scsi host0: ata_piix
[   17.041466] scsi host1: ata_piix
[   17.051386] ata1: PATA max UDMA/33 cmd 0x1f0 ctl 0x3f6 bmdma 0xd000 irq 14
[   17.061868] ata2: PATA max UDMA/33 cmd 0x170 ctl 0x376 bmdma 0xd008 irq 15
[   17.075945] libphy: Fixed MDIO Bus: probed
[   17.081159] tun: Universal TUN/TAP device driver, 1.6
[   17.087476] tun: (C) 1999-2004 Max Krasnyansky <maxk@qualcomm.com>
[   17.099413] PPP generic driver version 2.4.2
[   17.120530] ehci_hcd: USB 2.0 'Enhanced' Host Controller (EHCI) Driver
[   17.123350] ehci-pci: EHCI PCI platform driver
[   17.130654] ehci-platform: EHCI generic platform driver
[   17.135004] ohci_hcd: USB 1.1 'Open' Host Controller (OHCI) Driver
[   17.140855] ohci-pci: OHCI PCI platform driver
[   17.146720] ohci-platform: OHCI generic platform driver
[   17.158495] uhci_hcd: USB Universal Host Controller Interface driver
[   17.170641] i8042: PNP: PS/2 Controller [PNP0303:PS2K,PNP0f03:PS2M] at 0x60,0x64 irq 1,12
[   17.181616] serio: i8042 KBD port at 0x60,0x64 irq 1
[   17.199744] serio: i8042 AUX port at 0x60,0x64 irq 12
[   17.206381] mousedev: PS/2 mouse device common for all mice
[   17.218550] rtc_cmos rtc_cmos: rtc core: registered rtc_cmos as rtc0
[   17.230006] rtc_cmos rtc_cmos: alarms up to one day, 114 bytes nvram
[   17.239867] input: AT Translated Set 2 keyboard as /devices/platform/i8042/serio0/input/input2
[   17.250394] i2c /dev entries driver
[   17.253346] device-mapper: uevent: version 1.0.3
[   17.265817] device-mapper: ioctl: 4.34.0-ioctl (2015-10-28) initialised: dm-devel@redhat.com
[   17.267549] ledtrig-cpu: registered to indicate activity on CPUs
[   17.311051] NET: Registered protocol family 10
[   17.315245] NET: Registered protocol family 17
[   17.349534] Key type dns_resolver registered
[   17.383743] registered taskstats version 1
[   17.417797 Ldi cpid-n X.509 certificates
[   7.42] ad X.509 cert 'Build time autogenerated kernel key: f854e06633b5f496ced5b2e02c7b14f761b69302'
[   17.961127] zswap: loaded usg pool lzo/zbud

[   18.025960] Key type trusted registered
[   18.048713] Key type encrypted registered
[   18.051463] AppArmor: AppArmor sha1 policy hashing enabled
[   18.059789] ima: No TPM chip found, activating TPM-bypass!
[   18.073934] evm: HMAC attrs: 0x1
[   18.075009]   Magic number: 14:42:16
[   18.075992] rtc_cmos rtc_cmos: setting system clock to 2018-04-18 07:02:11 UTC (1524034931)
[   18.078918] BIOS EDD facility v0.16 2004-Jun-25, 0 devices found
[   18.082113] EDD information not available.
[   18.119203] Freeing unused kernel memory: 1508K
[   18.168783] Write protecting the kernel read-only data: 14336k
[   18.228919] Freeing unused kernel memory: 1696K
[   18.261679] Freeing unused kernel memory: 100K
Loading, please wait...
starting version[   18.327269] random: systemd-udevd: uninitialized urandom read (16 bytes read, 4 bits of entropy available)
 229
[   18.328318] random: udevadm: uninitialized urandom read (16 bytes read, 4 bits of entropy available)
[   18.328356] random: udevadm: uninitialized urandom read (16 bytes read, 4 bits of entropy available)
[   18.344965] random: udevadm: uninitialized urandom read (16 bytes read, 4 bits of entropy available)
[   18.345039] random: udevadm: uninitialized urandom read (16 bytes read, 4 bits of entropy available)
[   18.345266] random: udevadm: uninitialized urandom read (16 bytes read, 4 bits of entropy available)
[   18.345357] random: udevadm: uninitialized urandom read (16 bytes read, 4 bits of entropy available)
[   18.345446] random: udevadm: uninitialized urandom read (16 bytes read, 4 bits of entropy available)
[   18.345539] random: udevadm: uninitialized urandom read (16 bytes read, 4 bits of entropy available)
[   18.345630] random: udevadm: uninitialized urandom read (16 bytes read, 4 bits of entropy available)
[   19.068897] e1000: Intel(R) PRO/1000 Network Driver - version 7.3.21-k8-NAPI
[   19.084330] e1000: Copyright (c) 1999-2006 Intel Corporation.
[   19.146185] Fusion MPT base driver 3.04.20
[   19.158090] Copyright (c) 1999-2008 LSI Corporation
[   19.165833] Fusion MPT SPI Host driver 3.04.20
[   19.400857] input: ImExPS/2 Generic Explorer Mouse as /devices/platform/i8042/serio1/input/input4
[   19.598384] e1000 0000:00:03.0 eth0: (PCI:33MHz:32-bit) 02:b2:c2:84:5d:d0
[   19.678243] e1000 0000:00:03.0 eth0: Intel(R) PRO/1000 Network Connection
[   19.691217] mptbase: ioc0: Initiating bringup
[   19.692020] e1000 0000:00:03.0 enp0s3: renamed from eth0
[   19.813517] ioc0: LSI53C1030 A0: Capabilities={Initiator}
[   20.191937] scsi host2: ioc0: LSI53C1030 A0, FwRev=00000000h, Ports=1, MaxQ=256, IRQ=20
[   20.530235] scsi 2:0:0:0: Direct-Access     VBOX     HARDDISK         1.0  PQ: 0 ANSI: 5
[   20.578301] scsi target2:0:0: Beginning Domain Validation
[   20.584424] scsi target2:0:0: Domain Validation skipping write tests
[   20.587022] scsi target2:0:0: Ending Domain Validation
[   20.589479] scsi target2:0:0: asynchronous
[   20.679395] scsi 2:0:1:0: Direct-Access     VBOX     HARDDISK         1.0  PQ: 0 ANSI: 5
[   20.688791] scsi target2:0:1: Beginning Domain Validation
[   20.707433] scsi target2:0:1: Domain Validation skipping write tests
[   20.933550] scsi target2:0:1: Ending Domain Validation
[   20.941648] scsi target2:0:1: asynchronous
[   20.955529] sd 2:0:0:0: [sda] 20971520 512-byte logical blocks: (10.7 GB/10.0 GiB)
[   20.963501] sd 2:0:0:0: Attached scsi generic sg0 type 0
[   20.974309] sd 2:0:0:0: [sda] Write Protect is off
[   20.974924] sd 2:0:1:0: [sdb] 20480 512-byte logical blocks: (10.5 MB/10.0 MiB)
[   20.975080] sd 2:0:1:0: [sdb] Write Protect is off
[   20.975255] sd 2:0:1:0: [sdb] Incomplete mode parameter data
[   20.975256] sd 2:0:1:0: [sdb] Assuming drive cache: write through
[   20.975878] sd 2:0:1:0: Attached scsi generic sg1 type 0
[   21.067260] sd 2:0:0:0: [sda] Incomplete mode parameter data
[   21.071731] sd 2:0:0:0: [sda] Assuming drive cache: write through
[   21.093781] sd 2:0:1:0: [sdb] Attached SCSI disk
[   21.305332]  sda: sda1
[   21.354259] sd 2:0:0:0: [sda] Attached SCSI disk
[   22.225469] floppy0: no floppy controllers found
Begin: Loading e[   23.849077] md: linear personality registered for level -1
ssential drivers ... [   23.903463] md: multipath personality registered for level -4
[   24.275225] md: raid0 personality registered for level 0
[   24.300294] md: raid1 personality registered for level 1
[   24.575270] raid6: sse2x1   gen()  6991 MB/s
[   24.674797] raid6: sse2x1   xor()  5215 MB/s
[   24.983489] raid6: sse2x2   gen()  9436 MB/s
[   25.172751] raid6: sse2x2   xor()  7016 MB/s
[   25.535620] raid6: sse2x4   gen()  9939 MB/s
[   25.770431] raid6: sse2x4   xor()  7074 MB/s
[   25.950253] raid6: using algorithm sse2x4 gen() 9939 MB/s
[   26.265448] raid6: .... xor() 7074 MB/s, rmw enabled
[   26.488434] raid6: using ssse3x2 recovery algorithm
[   26.610660] xor: measuring software checksum speed
[   26.689055]    prefetch64-sse: 19061.000 MB/sec
[   26.733051]    generic_sse: 10336.000 MB/sec
[   26.767734] xor: using function: prefetch64-sse (19061.000 MB/sec)
[   26.786851] async_tx: api initialized (async)
[   26.852715] md: raid6 personality registered for level 6
[   26.947231] md: raid5 personality registered for level 5
[   26.957807] md: raid4 personality registered for level 4
[   27.007817] md: raid10 personality registered for level 10
done.
Begin: Running /scripts/init-premount ... done.
Begin: Mounting root file system ... Begin: Running /scripts/local-top ... done.
Begin: Running /scripts/local-premount[   27.066618] Btrfs loaded
 ... Scanning for Btrfs filesystems
done.
Warning: fsck no[   27.442439] EXT4-fs (sda1): INFO: recovery required on readonly filesystem
t present, so skipping root file system
[   27.456402] EXT4-fs (sda1): write access will be enabled during recovery
[   27.932809] EXT4-fs (sda1): orphan cleanup on readonly fs
[   28.237967] EXT4-fs (sda1): 11 orphan inodes deleted
[   28.283992] EXT4-fs (sda1): recovery complete
[   28.324410] EXT4-fs (sda1): mounted filesystem with ordered data mode. Opts: (null)
done.
[   28.352099] random: nonblocking pool is initialized
Begin: Running /scripts/local-bottom ... done.
Begin: Running /scripts/init-bottom ... done.
[   29.760096] systemd[1]: systemd 229 running in system mode. (+PAM +AUDIT +SELINUX +IMA +APPARMOR +SMACK +SYSVINIT +UTMP +LIBCRYPTSETUP +GCRYPT +GNUTLS +ACL +XZ -LZ4 +SECCOMP +BLKID +ELFUTILS +KMOD -IDN)
[   30.038279] systemd[1]: Detected virtualization oracle.
[   30.049324] systemd[1]: Detected architecture x86-64.

Welcome to [1mUbuntu 16.04.4 LTS[0m!

[   30.221680] systemd[1]: Set hostname to <ubuntu-xenial>.
[   31.811298] systemd[1]: Set up automount Arbitrary Executable File Formats File System Automount Point.
[[0;32m  OK  [0m] Set up automount Arbitrary Executab...ats File System Automount Point.
[   31.921212] systemd[1]: Listening on Journal Socket.
[[0;32m  OK  [0m] Listening on Journal Socket.
[   31.944134] systemd[1]: Listening on Device-mapper event daemon FIFOs.
[[0;32m  OK  [0m] Listening on Device-mapper event daemon FIFOs.
[   32.037582] systemd[1]: Started Trigger resolvconf update for networkd DNS.
[[0;32m  OK  [0m] Started Trigger resolvconf update for networkd DNS.
[   32.069053] systemd[1]: Reached target Swap.
[[0;32m  OK  [0m] Reached target Swap.
[   32.122248] systemd[1]: Created slice User and Session Slice.
[[0;32m  OK  [0m] Created slice User and Session Slice.
[   32.410216] systemd[1]: Listening on udev Control Socket.
[[0;32m  OK  [0m] Listening on udev Control Socket.
[   32.512645] systemd[1]: Listening on Journal Audit Socket.
[[0;32m  OK  [0m] Listening on Journal Audit Socket.
[   32.578054] systemd[1]: Reached target User and Group Name Lookups.
[[0;32m  OK  [0m] Reached target User and Group Name Lookups.
[   32.701165] systemd[1]: Listening on Journal Socket (/dev/log).
[[0;32m  OK  [0m] Listening on Journal Socket (/dev/log).
[   32.737626] systemd[1]: Listening on LVM2 metadata daemon socket.
[[0;32m  OK  [0m] Listening on LVM2 metadata daemon socket.
[   32.905641] systemd[1]: Listening on /dev/initctl Compatibility Named Pipe.
[[0;32m  OK  [0m] Listening on /dev/initctl Compatibility Named Pipe.
[   33.173985] systemd[1]: Created slice System Slice.
[[0;32m  OK  [0m] Created slice System Slice.
[   33.380460] systemd[1]: Created slice system-serial\x2dgetty.slice.
[[0;32m  OK  [0m] Created slice system-serial\x2dgetty.slice.
[   33.589591] systemd[1]: Starting Load Kernel Modules...
         Starting Load Kernel Modules...
[   33.632680] systemd[1]: Mounting POSIX Message Queue File System...
[   33.781921] Loading iSCSI transport class v2.0-870.
         Mounting POSIX Message Queue File System...
[   33.801566] systemd[1]: Starting Set console keymap...
         Starting Set console keymap...
[   33.869572] systemd[1]: Starting Uncomplicated firewall...
         Starting Uncomplicated firewall.[   33.898972] iscsi: registered transport (tcp)
..
[   34.001363] systemd[1]: Starting Nameserver information manager...
         Starting Nameserver information manager...
[   34.015792] systemd[1]: Listening on udev Kernel Socket.
[[0;32m  OK  [0m] Listening on udev Kernel Socket.
[   34.027663] systemd[1]: Starting Remount Root and Kernel File Systems...
         Starting Remount Root and Kernel File Systems...
[   34.061382] systemd[1]: Mounting Debug File System...
         Mounting Debug File System...
[   34.083150] systemd[1]: Started Forward Password Requests to Wall Directory Watch.
[[0;32m  OK  [0m] Started Forward Password Requests to Wall Directory Watch.
[   34.174545] EXT4-fs (sda1): re-mounted. Opts: (null)
[   34.277357] systemd[1]: Mounting Huge Pages File System...
         Mounting Huge Pages File System...
[   34.328301] systemd[1]: Reached target Encrypted Volumes.
[[0;32m  OK  [[   34.357927] iscsi: registered transport (iser)
0m] Reached target Encrypted Volumes.
[   34.423005] systemd[1]: Listening on LVM2 poll daemon socket.
[[0;32m  OK  [0m] Listening on LVM2 poll daemon socket.
[   34.430651] systemd[1]: Reached target Slices.
[[0;32m  OK  [0m] Reached target Slices.
[   34.461510] systemd[1]: Starting Monitoring of LVM2 mirrors, snapshots etc. using dmeventd or progress polling...
         Starting Monitoring of LVM2 mirrors... dmeventd or progress polling...
[   34.517493] systemd[1]: Starting Create list of required static device nodes for the current kernel...
         Starting Create list of required st... nodes for the current kernel...
[   34.680449] systemd[1]: Listening on Syslog Socket.
[[0;32m  OK  [0m] Listening on Syslog Socket.
[   34.721453] systemd[1]: Starting Journal Service...
         Starting Journal Service...
[   34.766980] systemd[1]: Mounted Debug File System.
[[0;32m  OK  [0m] Mounted Debug File System.
[   34.789474] systemd[1]: Mounted POSIX Message Queue File System.
[[0;32m  OK  [0m] Mounted POSIX Message Queue File System.
[   34.881539] systemd[1]: Mounted Huge Pages File System.
[[0;32m  OK  [0m] Mounted Huge Pages File System.
[   34.933992] systemd[1]: Started Journal Service.
[[0;32m  OK  [0m] Started Journal Service.
[[0;32m  OK  [0m] Started Load Kernel Modules.
[[0;32m  OK  [0m] Started Set console keymap.
[[0;32m  OK  [0m] Started Uncomplicated firewall.
[[0;32m  OK  [0m] Started Remount Root and Kernel File Systems.
[[0;32m  OK  [0m] Started Create list of required sta...ce nodes for the current kernel.
[[0;32m  OK  [0m] Started Nameserver information manager.
[[0;32m  OK  [0m] Started LVM2 metadata daemon.
         Starting Create Static Device Nodes in /dev...
         Starting Initial cloud-init job (pre-networking)...
         Starting udev Coldplug all Devices...
         Starting Load/Save Random Seed...
         Starting Apply Kernel Variables...
         Mounting FUSE Control File System...
         Starting Flush Journal to Persistent Storage...
[[0;32m  OK  [0m] Mounted FUSE Control File System.
[[0;32m  OK  [0m] Started Apply Kernel Variables.
[[0;32m  OK  [0m] Started udev Coldplug all Devices.
[[0;32m  OK  [0m] Started Load/Save Random Seed.
[[0;32m  OK  [0m] Started Flush Journal to Persistent Storage.
[[0;32m  OK  [0m] Started Monitoring of LVM2 mirrors,...ng dmeventd or progress polling.
[[0;32m  OK  [0m] Started Create Static Device Nodes in /dev.
         Starting udev Kernel Device Manager...
[[0;32m  OK  [0m] Started udev Kernel Device Manager.
[[0;32m  OK  [0m] Reached target Local File Systems (Pre).
[[0;32m  OK  [0m] Reached target Local File Systems.
         Starting Create Volatile Files and Directories...
         Starting Tell Plymouth To Write Out Runtime Data...
         Starting Set console font and keymap...
         Starting LSB: AppArmor initialization...
[[0;32m  OK  [0m] Started Dispatch Password Requests to Console Directory Watch.
[[0;32m  OK  [0m] Started Tell Plymouth To Write Out Runtime Data.
[[0;32m  OK  [0m] Found device /dev/ttyS0.
[[0;32m  OK  [0m] Started Create Volatile Files and Directories.
         Starting Update UTMP about System Boot/Shutdown...
[[0;32m  OK  [0m] Reached target System Time Synchronized.
[[0;32m  OK  [0m] Started Update UTMP about System Boot/Shutdown.
[[0;32m  OK  [0m] Found device 82540EM Gigabit Ethern...r (PRO/1000 MT Desktop Adapter).
[[0;32m  OK  [0m] Started Set console font and keymap.
[[0;32m  OK  [0m] Created slice system-getty.slice.
[[0;32m  OK  [0m] Listening on Load/Save RF Kill Switch Status /dev/rfkill Watch.
[[0;32m  OK  [0m] Started LSB: AppArmor initialization.
[   33.317756] cloud-init[427]: Cloud-init v. 17.2 running 'init-local' at Wed, 18 Apr 2018 07:02:36 +0000. Up 32.42 seconds.
[[0;32m  OK  [0m] Started Initial cloud-init job (pre-networking).
[[0;32m  OK  [0m] Reached target Network (Pre).
         Starting Raise network interfaces...
[[0;32m  OK  [0m] Started ifup for enp0s3.
[[0;32m  OK  [0m] Started Raise network interfaces.
         Starting Initial cloud-init job (metadata service crawler)...
[[0;32m  OK  [0m] Reached target Network.
[   36.362203] cloud-init[960]: Cloud-init v. 17.2 running 'init' at Wed, 18 Apr 2018 07:02:38 +0000. Up 34.47 seconds.
[[0;32m  OK  [0m] Started Initial cloud-init job (metadata service crawler).
[   36.471031] cloud-init[960]: ci-info: +++++++++++++++++++++++++++++++++++++Net device info++++++++++++++++++++++++++++++++++++++
[   36.557765] [cloud-init[0;32m  OK  [0m[960]: ] ci-info: +--------+------+----------------------------+---------------+-------+-------------------+Reached target Cloud-config availability.

[   36.558697] [cloud-init[0;32m  OK  [0m[960]: ] ci-info: | Device |  Up  |          Address           |      Mask     | Scope |     Hw-Address    |Reached target Network is Online.

[   36.728752]          cloud-initStarting iSCSI initiator daemon (iscsid)...[960]: 
ci-info: +--------+------+----------------------------+---------------+-------+-------------------+
[   36.796533] [cloud-init[0;32m  OK  [0m[960]: ] ci-info: | enp0s3 | True |         10.0.2.15          | 255.255.255.0 |   .   | 02:b2:c2:84:5d:d0 |Reached target System Initialization.

[   36.842353] [cloud-init[0;32m  OK  [0m[960]: ] ci-info: | enp0s3 | True | fe80::b2:c2ff:fe84:5dd0/64 |       .       |  link | 02:b2:c2:84:5d:d0 |Started Timer to automatically refresh installed snaps.

[   37.008725] [cloud-init[0;32m  OK  [0m[960]: ] ci-info: |   lo   | True |         127.0.0.1          |   255.0.0.0   |   .   |         .         |Listening on UUID daemon activation socket.

[   37.009662] cloud-init[960]: ci-info: |   lo   | True |          ::1/128           |       .       |  host |         .         |
[   37.039681] cloud-init[960]: ci-info: +--------+------+----------------------------+---------------+-------+-------------------+
[   37.097919] [cloud-init[0;32m  OK  [0m[960]: ] ci-info: +++++++++++++++++++++++++++Route IPv4 info++++++++++++++++++++++++++++Started ACPI Events Check.

[   37.098594] [cloud-init[0;32m  OK  [0m[960]: ] ci-info: +-------+-------------+----------+---------------+-----------+-------+Reached target Paths.

[[0;32m  OK  [0m] Started Daily apt download activities.
[   37.157472] cloud-init[960]: ci-info: | Route | Destination | Gateway  |    Genmask    | Interface | Flags |
[   37.267076]          cloud-initStarting LXD - unix socket.[960]: 
ci-info: +-------+-------------+----------+---------------+-----------+-------+
[[0;32m  OK  [0m] Listening on D-Bus System Message Bus Socket.
[[0;32m  OK  [0m] Started Daily Cleanup of Temporary Directories.
[   37.267785] cloud-init[960]: ci-info: |   0   |   0.0.0.0   | 10.0.2.2 |    0.0.0.0    |   enp0s3  |   UG  |
[   37.414746]          cloud-initStarting Socket activation for snappy daemon.[960]: 
ci-info: |   1   |   10.0.2.0  | 0.0.0.0  | 255.255.255.0 |   enp0s3  |   U   |
[   37.480759] [cloud-init[0;32m  OK  [0m[960]: ] ci-info: +-------+-------------+----------+---------------+-----------+-------+Started Daily apt upgrade and clean activities.

[[0;32m  OK  [0m] Reached target Timers.
[[0;32m  OK  [0m] Listening on ACPID Listen Socket.
[[0;32m  OK  [0m] Listening on LXD - unix socket.
[[0;32m  OK  [0m] Listening on Socket activation for snappy daemon.
[[0;32m  OK  [0m] Started iSCSI initiator daemon (iscsid).
         Starting Login to default iSCSI targets...
[[0;32m  OK  [0m] Reached target Sockets.
[[0;32m  OK  [0m] Reached target Basic System.
         Starting Daily apt upgrade and clean activities...
[[0;32m  OK  [0m] Started ACPI event daemon.
         Starting LSB: Record successful boot for GRUB...
[[0;32m  OK  [0m] Started D-Bus System Message Bus.
         Starting A high performance web server and a reverse proxy server...
         Starting Login Service...
         Starting System Logging Service...
         Starting MySQL Community Server...
         Starting Accounts Service...
         Starting LSB: MD monitoring daemon...
[[0;32m  OK  [0m] Started Deferred execution scheduler.
         Starting Apply the settings specified in cloud-config...
         Starting Snappy daemon...
         Starting The PHP 7.0 FastCGI Process Manager...
         Starting /etc/rc.local Compatibility...
         Starting OpenBSD Secure Shell server...
[[0;32m  OK  [0m] Started FUSE filesystem for LXC.
[[0;32m  OK  [0m] Started Unattended Upgrades Shutdown.
[[0;32m  OK  [0m] Started Regular background program processing daemon.
         Starting LXD - container startup/shutdown...
[[0;32m  OK  [0m] Started /etc/rc.local Compatibility.
[[0;32m  OK  [0m] Started Login Service.
[[0;32m  OK  [0m] Started System Logging Service.
[   40.886707] cloud-init[1052]: Cloud-init v. 17.2 running 'modules:config' at Wed, 18 Apr 2018 07:02:43 +0000. Up 39.67 seconds.
[[0;32m  OK  [0m] Started Apply the settings specified in cloud-config.
[[0;32m  OK  [0m] Started Login to default iSCSI targets.
[[0;32m  OK  [0m] Started LSB: Record successful boot for GRUB.
[[0;32m  OK  [0m] Reached target Remote File Systems (Pre).
[[0;32m  OK  [0m] Reached target Remote File Systems.
         Starting LSB: automatic crash report generation...
         Starting Permit User Sessions...
         Starting LSB: Set the CPU Frequency Scaling governor to "ondemand"...
         Starting LSB: VirtualBox Linux Additions...
         Starting LSB: daemon to balance interrupts for SMP systems...
[[0;32m  OK  [0m] Started LSB: Set the CPU Frequency Scaling governor to "ondemand".
[[0;32m  OK  [0m] Started Permit User Sessions.
         Starting Terminate Plymouth Boot Screen...
         Starting Hold until boot process finishes up...
[[0;32m  OK  [0m] Started Terminate Plymouth Boot Screen.
[[0;32m  OK  [0m] Started Hold until boot process finishes up.
[[0;32m  OK  [0m] Started LSB: MD monitoring daemon.
[[0;32m  OK  [0m] Started Getty on tty1.
         Starting Set console scheme...
[[0;32m  OK  [0m] Started Serial Getty on ttyS0.
[[0;32m  OK  [0m] Reached target Login Prompts.
[[0;32m  OK  [0m] Started LSB: automatic crash report generation.
[[0;32m  OK  [0m] Started Set console scheme.
[[0;32m  OK  [0m] Started LSB: daemon to balance interrupts for SMP systems.
         Starting Authenticate and Authorize Users to Run Privileged Tasks...
[[0;32m  OK  [0m] Started OpenBSD Secure Shell server.
[[0;32m  OK  [0m] Started Authenticate and Authorize Users to Run Privileged Tasks.
[[0;32m  OK  [0m] Started Accounts Service.
[[0;32m  OK  [0m] Started LSB: VirtualBox Linux Additions.
[[0;32m  OK  [0m] Started A high performance web server and a reverse proxy server.

Ubuntu 16.04.4 LTS ubuntu-xenial ttyS0

ubuntu-xenial login: [   58.305607] cloud-init[1471]: Cloud-init v. 17.2 running 'modules:final' at Wed, 18 Apr 2018 07:03:01 +0000. Up 57.82 seconds.
[   58.306255] cloud-init[1471]: Cloud-init v. 17.2 finished at Wed, 18 Apr 2018 07:03:01 +0000. Datasource DataSourceNoCloud [seed=/dev/sdb][dsmode=net].  Up 58.29 seconds
